<?xml version="1.0" encoding="UTF-8"?>
<!-- Generated by org.testng.reporters.JUnitReportReporter -->
<testsuite hostname="SANSAN-PU50NAR" failures="0" tests="1" name="elecronics.Userabletoaddelectricalprodtocart" time="10.408" errors="0" timestamp="2023-07-22T17:30:51 IST" skipped="0">
  <testcase classname="elecronics.Userabletoaddelectricalprodtocart" name="checkcarttoelecricalproduct" time="10.408"/>
</testsuite> <!-- elecronics.Userabletoaddelectricalprodtocart -->
